<?xml version="1.0" encoding="UTF-8"?>
<!-- Generated by org.testng.reporters.JUnitXMLReporter -->
<testsuite ignored="0" hostname="DESKTOP-42FBA14" failures="1" tests="2" name="Error Validation Test" time="5.786" errors="0" timestamp="2024-10-01T23:20:26 IST">
  <testcase classname="abdul01.SeleniumFrameworkDesign.ErrorValidationTest" name="loginErrorValidation" time="0.574">
    <skipped/>
  </testcase> <!-- loginErrorValidation -->
  <testcase classname="abdul01.SeleniumFrameworkDesign.ErrorValidationTest" name="loginErrorValidation" time="0.515">
    <failure type="java.lang.AssertionError" message="expected [Incorrect email or password.] but found [Icorrect email or password.]">
      <![CDATA[java.lang.AssertionError: expected [Incorrect email or password.] but found [Icorrect email or password.]
at abdul01.SeleniumFrameworkDesign.ErrorValidationTest.loginErrorValidation(ErrorValidationTest.java:36)
at java.base/java.util.ArrayList.forEach(ArrayList.java:1511)
at java.base/java.util.concurrent.FutureTask.run(FutureTask.java:264)
at java.base/java.util.concurrent.ThreadPoolExecutor.runWorker(ThreadPoolExecutor.java:1136)
at java.base/java.util.concurrent.ThreadPoolExecutor$Worker.run(ThreadPoolExecutor.java:635)
at java.base/java.lang.Thread.run(Thread.java:833)
... Removed 23 stack frames]]>
    </failure>
  </testcase> <!-- loginErrorValidation -->
</testsuite> <!-- Error Validation Test -->
