<?xml version="1.0" encoding="UTF-8"?>
<testng-results ignored="0" total="1" passed="1" failed="0" skipped="0">
  <reporter-output>
  </reporter-output>
  <suite started-at="2024-10-04T19:26:00 IST" name="Suite" finished-at="2024-10-04T19:26:04 IST" duration-ms="3951">
    <groups>
      <group name="ErrorHandling">
        <method signature="ErrorValidationTest.loginErrorValidation()[pri:0, instance:abdul01.SeleniumFrameworkDesign.ErrorValidationTest@1a245833]" name="loginErrorValidation" class="abdul01.SeleniumFrameworkDesign.ErrorValidationTest"/>
      </group> <!-- ErrorHandling -->
      <group name="Purchase">
        <method signature="StandAloneTest.submitOrder(java.util.HashMap)[pri:0, instance:abdul01.SeleniumFrameworkDesign.StandAloneTest@1cf6d1be]" name="submitOrder" class="abdul01.SeleniumFrameworkDesign.StandAloneTest"/>
      </group> <!-- Purchase -->
    </groups>
    <test started-at="2024-10-04T19:26:00 IST" name="Error Validation Test" finished-at="2024-10-04T19:26:04 IST" duration-ms="3951">
      <class name="abdul01.SeleniumFrameworkDesign.ErrorValidationTest">
        <test-method is-config="true" signature="launchApplication()[pri:0, instance:abdul01.SeleniumFrameworkDesign.ErrorValidationTest@1a245833]" started-at="2024-10-04T19:26:00 IST" name="launchApplication" finished-at="2024-10-04T19:26:04 IST" duration-ms="3115" status="PASS">
          <reporter-output>
          </reporter-output>
        </test-method> <!-- launchApplication -->
        <test-method signature="loginErrorValidation()[pri:0, instance:abdul01.SeleniumFrameworkDesign.ErrorValidationTest@1a245833]" started-at="2024-10-04T19:26:04 IST" name="loginErrorValidation" finished-at="2024-10-04T19:26:04 IST" duration-ms="788" status="PASS">
          <reporter-output>
          </reporter-output>
        </test-method> <!-- loginErrorValidation -->
      </class> <!-- abdul01.SeleniumFrameworkDesign.ErrorValidationTest -->
    </test> <!-- Error Validation Test -->
  </suite> <!-- Suite -->
</testng-results>
